<?xml version="1.0" encoding="UTF-8"?>
<!-- Generated by org.testng.reporters.JUnitXMLReporter -->
<testsuite hostname="GANESH-PC" ignored="0" name="FirefoxTest" tests="6" failures="0" timestamp="08 Oct 2018 09:35:02 GMT" time="46.114" errors="0">
  <testcase name="@BeforeTest verifylaunchBrowser" time="45.835" classname="POM.PageLibrary.RanfordBank.TestExecution">
    <failure type="org.openqa.selenium.WebDriverException" message="Failed to connect to binary FirefoxBinary(C:\Program Files (x86)\Mozilla Firefox\firefox.exe) on port 7055; process output follows: 
BUG	Registering manifest for C:\Program Files (x86)\Mozilla Firefox\browser\features\firefox@getpocket.com.xpi
1538991258016	addons.xpi	DEBUG	Calling bootstrap method startup on firefox@getpocket.com version 1.0.5
1538991258023	addons.xpi	DEBUG	Registering manifest for C:\Program Files (x86)\Mozilla Firefox\browser\features\formautofill@mozilla.org.xpi
1538991258024	addons.xpi	DEBUG	Calling bootstrap method startup on formautofill@mozilla.org version 1.0
1538991258025	addons.xpi	DEBUG	Registering manifest for C:\Program Files (x86)\Mozilla Firefox\browser\features\onboarding@mozilla.org.xpi
1538991258026	addons.xpi	DEBUG	Calling bootstrap method startup on onboarding@mozilla.org version 1.0
1538991258026	addons.xpi	DEBUG	Registering manifest for C:\Program Files (x86)\Mozilla Firefox\browser\features\screenshots@mozilla.org.xpi
1538991258026	addons.xpi	DEBUG	Calling bootstrap method startup on screenshots@mozilla.org version 33.0.0
1538991258027	addons.xpi	DEBUG	Registering manifest for C:\Program Files (x86)\Mozilla Firefox\browser\features\webcompat-reporter@mozilla.org.xpi
1538991258027	addons.xpi	DEBUG	Calling bootstrap method startup on webcompat-reporter@mozilla.org version 1.0.0
1538991258027	addons.xpi	DEBUG	Registering manifest for C:\Program Files (x86)\Mozilla Firefox\browser\features\webcompat@mozilla.org.xpi
1538991258029	addons.xpi	DEBUG	Calling bootstrap method startup on webcompat@mozilla.org version 2.0
1538991258031	addons.manager	DEBUG	Registering shutdown blocker for XPIProvider
1538991258031	addons.manager	DEBUG	Provider finished startup: XPIProvider
1538991258031	addons.manager	DEBUG	Starting provider: LightweightThemeManager
1538991258032	addons.manager	DEBUG	Registering shutdown blocker for LightweightThemeManager
1538991258032	addons.manager	DEBUG	Provider finished startup: LightweightThemeManager
1538991258033	addons.manager	DEBUG	Starting provider: GMPProvider
1538991258035	addons.manager	DEBUG	Registering shutdown blocker for GMPProvider
1538991258035	addons.manager	DEBUG	Provider finished startup: GMPProvider
1538991258035	addons.manager	DEBUG	Starting provider: PluginProvider
1538991258035	addons.manager	DEBUG	Registering shutdown blocker for PluginProvider
1538991258036	addons.manager	DEBUG	Provider finished startup: PluginProvider
1538991258038	addons.manager	DEBUG	Completed startup sequence
1538991260312	addons.repository	DEBUG	No addons.json found.
1538991261825	addons.xpi	DEBUG	Ignoring file: name is not a valid add-on ID: C:\Users\GANESH\AppData\Local\Temp\anonymous5618684797765603456webdriver-profile\extensions\webdriver-staging
1538991261825	addons.xpi	DEBUG	Existing add-on activity-stream@mozilla.org in app-system-defaults
1538991261826	addons.xpi	DEBUG	Existing add-on aushelper@mozilla.org in app-system-defaults
1538991261826	addons.xpi	DEBUG	Existing add-on firefox@getpocket.com in app-system-defaults
1538991261826	addons.xpi	DEBUG	Existing add-on formautofill@mozilla.org in app-system-defaults
1538991261826	addons.xpi	DEBUG	Existing add-on onboarding@mozilla.org in app-system-defaults
1538991261826	addons.xpi	DEBUG	Existing add-on screenshots@mozilla.org in app-system-defaults
1538991261827	addons.xpi	DEBUG	Existing add-on webcompat-reporter@mozilla.org in app-system-defaults
1538991261827	addons.xpi	DEBUG	Existing add-on webcompat@mozilla.org in app-system-defaults
1538991261827	addons.xpi	WARN	Ignoring missing add-on in C:\Users\GANESH\AppData\Roaming\Mozilla\Extensions\freegames4357@BestOffers
1538991261828	addons.xpi	WARN	Ignoring missing add-on in C:\Users\GANESH\AppData\Roaming\Mozilla\Extensions\speedtest4354@BestOffers
1538991261828	addons.xpi	DEBUG	Existing add-on {B1CB4389-9350-E516-4C41-CE2401770BD8} in winreg-app-user
1538991261828	addons.xpi	WARN	Ignoring missing add-on in C:\ProgramData\Norton\{92622AAD-05E8-4459-B256-765CE1E929FB}\NST_2014.6.0.27\coFFPlgn
1538991261828	addons.xpi	DEBUG	scanForChanges changed: false, state: {}
JavaScript error: resource://gre/modules/addons/XPIProvider.jsm, line 2583: TypeError: addon is null

Build info: version: &amp;apos;2.53.0&amp;apos;, revision: &amp;apos;35ae25b1534ae328c771e0856c93e187490ca824&amp;apos;, time: &amp;apos;2016-03-15 10:43:46&amp;apos;
System info: host: &amp;apos;GANESH-PC&amp;apos;, ip: &amp;apos;192.168.1.100&amp;apos;, os.name: &amp;apos;Windows 7&amp;apos;, os.arch: &amp;apos;amd64&amp;apos;, os.version: &amp;apos;6.1&amp;apos;, java.version: &amp;apos;1.8.0_161&amp;apos;
Driver info: driver.version: FirefoxDriver">
      <![CDATA[org.openqa.selenium.WebDriverException: Failed to connect to binary FirefoxBinary(C:\Program Files (x86)\Mozilla Firefox\firefox.exe) on port 7055; process output follows: 
BUG	Registering manifest for C:\Program Files (x86)\Mozilla Firefox\browser\features\firefox@getpocket.com.xpi
1538991258016	addons.xpi	DEBUG	Calling bootstrap method startup on firefox@getpocket.com version 1.0.5
1538991258023	addons.xpi	DEBUG	Registering manifest for C:\Program Files (x86)\Mozilla Firefox\browser\features\formautofill@mozilla.org.xpi
1538991258024	addons.xpi	DEBUG	Calling bootstrap method startup on formautofill@mozilla.org version 1.0
1538991258025	addons.xpi	DEBUG	Registering manifest for C:\Program Files (x86)\Mozilla Firefox\browser\features\onboarding@mozilla.org.xpi
1538991258026	addons.xpi	DEBUG	Calling bootstrap method startup on onboarding@mozilla.org version 1.0
1538991258026	addons.xpi	DEBUG	Registering manifest for C:\Program Files (x86)\Mozilla Firefox\browser\features\screenshots@mozilla.org.xpi
1538991258026	addons.xpi	DEBUG	Calling bootstrap method startup on screenshots@mozilla.org version 33.0.0
1538991258027	addons.xpi	DEBUG	Registering manifest for C:\Program Files (x86)\Mozilla Firefox\browser\features\webcompat-reporter@mozilla.org.xpi
1538991258027	addons.xpi	DEBUG	Calling bootstrap method startup on webcompat-reporter@mozilla.org version 1.0.0
1538991258027	addons.xpi	DEBUG	Registering manifest for C:\Program Files (x86)\Mozilla Firefox\browser\features\webcompat@mozilla.org.xpi
1538991258029	addons.xpi	DEBUG	Calling bootstrap method startup on webcompat@mozilla.org version 2.0
1538991258031	addons.manager	DEBUG	Registering shutdown blocker for XPIProvider
1538991258031	addons.manager	DEBUG	Provider finished startup: XPIProvider
1538991258031	addons.manager	DEBUG	Starting provider: LightweightThemeManager
1538991258032	addons.manager	DEBUG	Registering shutdown blocker for LightweightThemeManager
1538991258032	addons.manager	DEBUG	Provider finished startup: LightweightThemeManager
1538991258033	addons.manager	DEBUG	Starting provider: GMPProvider
1538991258035	addons.manager	DEBUG	Registering shutdown blocker for GMPProvider
1538991258035	addons.manager	DEBUG	Provider finished startup: GMPProvider
1538991258035	addons.manager	DEBUG	Starting provider: PluginProvider
1538991258035	addons.manager	DEBUG	Registering shutdown blocker for PluginProvider
1538991258036	addons.manager	DEBUG	Provider finished startup: PluginProvider
1538991258038	addons.manager	DEBUG	Completed startup sequence
1538991260312	addons.repository	DEBUG	No addons.json found.
1538991261825	addons.xpi	DEBUG	Ignoring file: name is not a valid add-on ID: C:\Users\GANESH\AppData\Local\Temp\anonymous5618684797765603456webdriver-profile\extensions\webdriver-staging
1538991261825	addons.xpi	DEBUG	Existing add-on activity-stream@mozilla.org in app-system-defaults
1538991261826	addons.xpi	DEBUG	Existing add-on aushelper@mozilla.org in app-system-defaults
1538991261826	addons.xpi	DEBUG	Existing add-on firefox@getpocket.com in app-system-defaults
1538991261826	addons.xpi	DEBUG	Existing add-on formautofill@mozilla.org in app-system-defaults
1538991261826	addons.xpi	DEBUG	Existing add-on onboarding@mozilla.org in app-system-defaults
1538991261826	addons.xpi	DEBUG	Existing add-on screenshots@mozilla.org in app-system-defaults
1538991261827	addons.xpi	DEBUG	Existing add-on webcompat-reporter@mozilla.org in app-system-defaults
1538991261827	addons.xpi	DEBUG	Existing add-on webcompat@mozilla.org in app-system-defaults
1538991261827	addons.xpi	WARN	Ignoring missing add-on in C:\Users\GANESH\AppData\Roaming\Mozilla\Extensions\freegames4357@BestOffers
1538991261828	addons.xpi	WARN	Ignoring missing add-on in C:\Users\GANESH\AppData\Roaming\Mozilla\Extensions\speedtest4354@BestOffers
1538991261828	addons.xpi	DEBUG	Existing add-on {B1CB4389-9350-E516-4C41-CE2401770BD8} in winreg-app-user
1538991261828	addons.xpi	WARN	Ignoring missing add-on in C:\ProgramData\Norton\{92622AAD-05E8-4459-B256-765CE1E929FB}\NST_2014.6.0.27\coFFPlgn
1538991261828	addons.xpi	DEBUG	scanForChanges changed: false, state: {}
JavaScript error: resource://gre/modules/addons/XPIProvider.jsm, line 2583: TypeError: addon is null

Build info: version: '2.53.0', revision: '35ae25b1534ae328c771e0856c93e187490ca824', time: '2016-03-15 10:43:46'
System info: host: 'GANESH-PC', ip: '192.168.1.100', os.name: 'Windows 7', os.arch: 'amd64', os.version: '6.1', java.version: '1.8.0_161'
Driver info: driver.version: FirefoxDriver
	at org.openqa.selenium.firefox.internal.NewProfileExtensionConnection.start(NewProfileExtensionConnection.java:125)
	at org.openqa.selenium.firefox.FirefoxDriver.startClient(FirefoxDriver.java:271)
	at org.openqa.selenium.remote.RemoteWebDriver.<init>(RemoteWebDriver.java:119)
	at org.openqa.selenium.firefox.FirefoxDriver.<init>(FirefoxDriver.java:216)
	at org.openqa.selenium.firefox.FirefoxDriver.<init>(FirefoxDriver.java:211)
	at org.openqa.selenium.firefox.FirefoxDriver.<init>(FirefoxDriver.java:207)
	at org.openqa.selenium.firefox.FirefoxDriver.<init>(FirefoxDriver.java:120)
	at POM.PageLibrary.RanfordBank.Repository.launch_browser(Repository.java:64)
	at POM.PageLibrary.RanfordBank.TestExecution.verifylaunchBrowser(TestExecution.java:19)
Caused by: org.openqa.selenium.firefox.NotConnectedException: Unable to connect to host 127.0.0.1 on port 7055 after 45000 ms. Firefox console output:
BUG	Registering manifest for C:\Program Files (x86)\Mozilla Firefox\browser\features\firefox@getpocket.com.xpi
1538991258016	addons.xpi	DEBUG	Calling bootstrap method startup on firefox@getpocket.com version 1.0.5
1538991258023	addons.xpi	DEBUG	Registering manifest for C:\Program Files (x86)\Mozilla Firefox\browser\features\formautofill@mozilla.org.xpi
1538991258024	addons.xpi	DEBUG	Calling bootstrap method startup on formautofill@mozilla.org version 1.0
1538991258025	addons.xpi	DEBUG	Registering manifest for C:\Program Files (x86)\Mozilla Firefox\browser\features\onboarding@mozilla.org.xpi
1538991258026	addons.xpi	DEBUG	Calling bootstrap method startup on onboarding@mozilla.org version 1.0
1538991258026	addons.xpi	DEBUG	Registering manifest for C:\Program Files (x86)\Mozilla Firefox\browser\features\screenshots@mozilla.org.xpi
1538991258026	addons.xpi	DEBUG	Calling bootstrap method startup on screenshots@mozilla.org version 33.0.0
1538991258027	addons.xpi	DEBUG	Registering manifest for C:\Program Files (x86)\Mozilla Firefox\browser\features\webcompat-reporter@mozilla.org.xpi
1538991258027	addons.xpi	DEBUG	Calling bootstrap method startup on webcompat-reporter@mozilla.org version 1.0.0
1538991258027	addons.xpi	DEBUG	Registering manifest for C:\Program Files (x86)\Mozilla Firefox\browser\features\webcompat@mozilla.org.xpi
1538991258029	addons.xpi	DEBUG	Calling bootstrap method startup on webcompat@mozilla.org version 2.0
1538991258031	addons.manager	DEBUG	Registering shutdown blocker for XPIProvider
1538991258031	addons.manager	DEBUG	Provider finished startup: XPIProvider
1538991258031	addons.manager	DEBUG	Starting provider: LightweightThemeManager
1538991258032	addons.manager	DEBUG	Registering shutdown blocker for LightweightThemeManager
1538991258032	addons.manager	DEBUG	Provider finished startup: LightweightThemeManager
1538991258033	addons.manager	DEBUG	Starting provider: GMPProvider
1538991258035	addons.manager	DEBUG	Registering shutdown blocker for GMPProvider
1538991258035	addons.manager	DEBUG	Provider finished startup: GMPProvider
1538991258035	addons.manager	DEBUG	Starting provider: PluginProvider
1538991258035	addons.manager	DEBUG	Registering shutdown blocker for PluginProvider
1538991258036	addons.manager	DEBUG	Provider finished startup: PluginProvider
1538991258038	addons.manager	DEBUG	Completed startup sequence
1538991260312	addons.repository	DEBUG	No addons.json found.
1538991261825	addons.xpi	DEBUG	Ignoring file: name is not a valid add-on ID: C:\Users\GANESH\AppData\Local\Temp\anonymous5618684797765603456webdriver-profile\extensions\webdriver-staging
1538991261825	addons.xpi	DEBUG	Existing add-on activity-stream@mozilla.org in app-system-defaults
1538991261826	addons.xpi	DEBUG	Existing add-on aushelper@mozilla.org in app-system-defaults
1538991261826	addons.xpi	DEBUG	Existing add-on firefox@getpocket.com in app-system-defaults
1538991261826	addons.xpi	DEBUG	Existing add-on formautofill@mozilla.org in app-system-defaults
1538991261826	addons.xpi	DEBUG	Existing add-on onboarding@mozilla.org in app-system-defaults
1538991261826	addons.xpi	DEBUG	Existing add-on screenshots@mozilla.org in app-system-defaults
1538991261827	addons.xpi	DEBUG	Existing add-on webcompat-reporter@mozilla.org in app-system-defaults
1538991261827	addons.xpi	DEBUG	Existing add-on webcompat@mozilla.org in app-system-defaults
1538991261827	addons.xpi	WARN	Ignoring missing add-on in C:\Users\GANESH\AppData\Roaming\Mozilla\Extensions\freegames4357@BestOffers
1538991261828	addons.xpi	WARN	Ignoring missing add-on in C:\Users\GANESH\AppData\Roaming\Mozilla\Extensions\speedtest4354@BestOffers
1538991261828	addons.xpi	DEBUG	Existing add-on {B1CB4389-9350-E516-4C41-CE2401770BD8} in winreg-app-user
1538991261828	addons.xpi	WARN	Ignoring missing add-on in C:\ProgramData\Norton\{92622AAD-05E8-4459-B256-765CE1E929FB}\NST_2014.6.0.27\coFFPlgn
1538991261828	addons.xpi	DEBUG	scanForChanges changed: false, state: {}
JavaScript error: resource://gre/modules/addons/XPIProvider.jsm, line 2583: TypeError: addon is null

	at org.openqa.selenium.firefox.internal.NewProfileExtensionConnection.start(NewProfileExtensionConnection.java:113)
	... 31 more
... Removed 23 stack frames]]>
    </failure>
  </testcase> <!-- @BeforeTest verifylaunchBrowser -->
  <testcase name="verify_login" time="0.0" classname="POM.PageLibrary.RanfordBank.TestExecution">
    <skipped/>
  </testcase> <!-- verify_login -->
  <testcase name="branchesButtonclick" time="0.0" classname="POM.PageLibrary.RanfordBank.TestExecution">
    <skipped/>
  </testcase> <!-- branchesButtonclick -->
  <testcase name="verify_branchDetails" time="0.0" classname="POM.PageLibrary.RanfordBank.TestExecution">
    <skipped/>
  </testcase> <!-- verify_branchDetails -->
  <testcase name="verify_branchDetails" time="0.0" classname="POM.PageLibrary.RanfordBank.TestExecution">
    <skipped/>
  </testcase> <!-- verify_branchDetails -->
  <testcase name="verify_branchDetails" time="0.0" classname="POM.PageLibrary.RanfordBank.TestExecution">
    <skipped/>
  </testcase> <!-- verify_branchDetails -->
  <testcase name="branch_search" time="0.0" classname="POM.PageLibrary.RanfordBank.TestExecution">
    <skipped/>
  </testcase> <!-- branch_search -->
</testsuite> <!-- FirefoxTest -->
